# JRE version: Java(TM) SE Runtime Environment (8.0_201-b09) (build 1.8.0_201-b09)
# Java VM: Java HotSpot(TM) 64-Bit Server VM (25.201-b09 mixed mode windows-amd64 compressed oops)
Heap:
 PSYoungGen      total 129536K, used 17943K [0x000000076b380000, 0x0000000779500000, 0x00000007c0000000)
  eden space 118784K, 6% used [0x000000076b380000,0x000000076ba86c38,0x0000000772780000)
  from space 10752K, 99% used [0x0000000773e00000,0x000000077487f1c8,0x0000000774880000)
  to   space 23040K, 0% used [0x0000000772780000,0x0000000772780000,0x0000000773e00000)
 ParOldGen       total 131584K, used 33286K [0x00000006c1a00000, 0x00000006c9a80000, 0x000000076b380000)
  object space 131584K, 25% used [0x00000006c1a00000,0x00000006c3a81b48,0x00000006c9a80000)
 Metaspace       used 25878K, capacity 26444K, committed 26624K, reserved 1073152K
  class space    used 3046K, capacity 3232K, committed 3328K, reserved 1048576K
GC Heap History (10 events):
Event: 2.115 GC heap before
{Heap before GC invocations=3 (full 0):
 PSYoungGen      total 76288K, used 76276K [0x000000076b380000, 0x0000000770880000, 0x00000007c0000000)
  eden space 65536K, 100% used [0x000000076b380000,0x000000076f380000,0x000000076f380000)
  from space 10752K, 99% used [0x000000076fe00000,0x000000077087d1c0,0x0000000770880000)
  to   space 10752K, 0% used [0x000000076f380000,0x000000076f380000,0x000000076fe00000)
 ParOldGen       total 175104K, used 1822K [0x00000006c1a00000, 0x00000006cc500000, 0x000000076b380000)
  object space 175104K, 1% used [0x00000006c1a00000,0x00000006c1bc7bb0,0x00000006cc500000)
 Metaspace       used 19087K, capacity 19550K, committed 19712K, reserved 1067008K
  class space    used 2312K, capacity 2469K, committed 2560K, reserved 1048576K
Event: 2.127 GC heap after
Heap after GC invocations=3 (full 0):
 PSYoungGen      total 76288K, used 10720K [0x000000076b380000, 0x0000000774880000, 0x00000007c0000000)
  eden space 65536K, 0% used [0x000000076b380000,0x000000076b380000,0x000000076f380000)
  from space 10752K, 99% used [0x000000076f380000,0x000000076fdf8040,0x000000076fe00000)
  to   space 10752K, 0% used [0x0000000773e00000,0x0000000773e00000,0x0000000774880000)
 ParOldGen       total 175104K, used 7644K [0x00000006c1a00000, 0x00000006cc500000, 0x000000076b380000)
  object space 175104K, 4% used [0x00000006c1a00000,0x00000006c2177338,0x00000006cc500000)
 Metaspace       used 19087K, capacity 19550K, committed 19712K, reserved 1067008K
  class space    used 2312K, capacity 2469K, committed 2560K, reserved 1048576K
}
Event: 2.646 GC heap before
{Heap before GC invocations=4 (full 0):
 PSYoungGen      total 76288K, used 76256K [0x000000076b380000, 0x0000000774880000, 0x00000007c0000000)
  eden space 65536K, 100% used [0x000000076b380000,0x000000076f380000,0x000000076f380000)
  from space 10752K, 99% used [0x000000076f380000,0x000000076fdf8040,0x000000076fe00000)
  to   space 10752K, 0% used [0x0000000773e00000,0x0000000773e00000,0x0000000774880000)
 ParOldGen       total 175104K, used 7644K [0x00000006c1a00000, 0x00000006cc500000, 0x000000076b380000)
  object space 175104K, 4% used [0x00000006c1a00000,0x00000006c2177338,0x00000006cc500000)
 Metaspace       used 20221K, capacity 20770K, committed 21120K, reserved 1067008K
  class space    used 2421K, capacity 2575K, committed 2688K, reserved 1048576K
Event: 2.655 GC heap after
Heap after GC invocations=4 (full 0):
 PSYoungGen      total 141824K, used 10720K [0x000000076b380000, 0x0000000774880000, 0x00000007c0000000)
  eden space 131072K, 0% used [0x000000076b380000,0x000000076b380000,0x0000000773380000)
  from space 10752K, 99% used [0x0000000773e00000,0x0000000774878040,0x0000000774880000)
  to   space 10752K, 0% used [0x0000000773380000,0x0000000773380000,0x0000000773e00000)
 ParOldGen       total 175104K, used 13365K [0x00000006c1a00000, 0x00000006cc500000, 0x000000076b380000)
  object space 175104K, 7% used [0x00000006c1a00000,0x00000006c270d620,0x00000006cc500000)
 Metaspace       used 20221K, capacity 20770K, committed 21120K, reserved 1067008K
  class space    used 2421K, capacity 2575K, committed 2688K, reserved 1048576K
}
Event: 2.847 GC heap before
{Heap before GC invocations=5 (full 0):
 PSYoungGen      total 141824K, used 31402K [0x000000076b380000, 0x0000000774880000, 0x00000007c0000000)
  eden space 131072K, 15% used [0x000000076b380000,0x000000076c7b27e0,0x0000000773380000)
  from space 10752K, 99% used [0x0000000773e00000,0x0000000774878040,0x0000000774880000)
  to   space 10752K, 0% used [0x0000000773380000,0x0000000773380000,0x0000000773e00000)
 ParOldGen       total 175104K, used 13365K [0x00000006c1a00000, 0x00000006cc500000, 0x000000076b380000)
  object space 175104K, 7% used [0x00000006c1a00000,0x00000006c270d620,0x00000006cc500000)
 Metaspace       used 20591K, capacity 21138K, committed 21296K, reserved 1069056K
  class space    used 2439K, capacity 2614K, committed 2688K, reserved 1048576K
Event: 2.855 GC heap after
Heap after GC invocations=5 (full 0):
 PSYoungGen      total 141824K, used 10736K [0x000000076b380000, 0x0000000774880000, 0x00000007c0000000)
  eden space 131072K, 0% used [0x000000076b380000,0x000000076b380000,0x0000000773380000)
  from space 10752K, 99% used [0x0000000773380000,0x0000000773dfc030,0x0000000773e00000)
  to   space 10752K, 0% used [0x0000000773e00000,0x0000000773e00000,0x0000000774880000)
 ParOldGen       total 175104K, used 14584K [0x00000006c1a00000, 0x00000006cc500000, 0x000000076b380000)
  object space 175104K, 8% used [0x00000006c1a00000,0x00000006c283e1c8,0x00000006cc500000)
 Metaspace       used 20591K, capacity 21138K, committed 21296K, reserved 1069056K
  class space    used 2439K, capacity 2614K, committed 2688K, reserved 1048576K
}
Event: 2.855 GC heap before
{Heap before GC invocations=6 (full 1):
 PSYoungGen      total 141824K, used 10736K [0x000000076b380000, 0x0000000774880000, 0x00000007c0000000)
  eden space 131072K, 0% used [0x000000076b380000,0x000000076b380000,0x0000000773380000)
  from space 10752K, 99% used [0x0000000773380000,0x0000000773dfc030,0x0000000773e00000)
  to   space 10752K, 0% used [0x0000000773e00000,0x0000000773e00000,0x0000000774880000)
 ParOldGen       total 175104K, used 14584K [0x00000006c1a00000, 0x00000006cc500000, 0x000000076b380000)
  object space 175104K, 8% used [0x00000006c1a00000,0x00000006c283e1c8,0x00000006cc500000)
 Metaspace       used 20591K, capacity 21138K, committed 21296K, reserved 1069056K
  class space    used 2439K, capacity 2614K, committed 2688K, reserved 1048576K
Event: 2.932 GC heap after
Heap after GC invocations=6 (full 1):
 PSYoungGen      total 141824K, used 0K [0x000000076b380000, 0x0000000774880000, 0x00000007c0000000)
  eden space 131072K, 0% used [0x000000076b380000,0x000000076b380000,0x0000000773380000)
  from space 10752K, 0% used [0x0000000773380000,0x0000000773380000,0x0000000773e00000)
  to   space 10752K, 0% used [0x0000000773e00000,0x0000000773e00000,0x0000000774880000)
 ParOldGen       total 131584K, used 21684K [0x00000006c1a00000, 0x00000006c9a80000, 0x000000076b380000)
  object space 131584K, 16% used [0x00000006c1a00000,0x00000006c2f2d130,0x00000006c9a80000)
 Metaspace       used 20591K, capacity 21138K, committed 21296K, reserved 1069056K
  class space    used 2439K, capacity 2614K, committed 2688K, reserved 1048576K
}
Event: 3.940 GC heap before
{Heap before GC invocations=7 (full 1):
 PSYoungGen      total 141824K, used 131072K [0x000000076b380000, 0x0000000774880000, 0x00000007c0000000)
  eden space 131072K, 100% used [0x000000076b380000,0x0000000773380000,0x0000000773380000)
  from space 10752K, 0% used [0x0000000773380000,0x0000000773380000,0x0000000773e00000)
  to   space 10752K, 0% used [0x0000000773e00000,0x0000000773e00000,0x0000000774880000)
 ParOldGen       total 131584K, used 21684K [0x00000006c1a00000, 0x00000006c9a80000, 0x000000076b380000)
  object space 131584K, 16% used [0x00000006c1a00000,0x00000006c2f2d130,0x00000006c9a80000)
 Metaspace       used 25690K, capacity 26316K, committed 26624K, reserved 1073152K
  class space    used 3028K, capacity 3232K, committed 3328K, reserved 1048576K
Event: 3.950 GC heap after
Heap after GC invocations=7 (full 1):
 PSYoungGen      total 129536K, used 10748K [0x000000076b380000, 0x0000000779500000, 0x00000007c0000000)
  eden space 118784K, 0% used [0x000000076b380000,0x000000076b380000,0x0000000772780000)
  from space 10752K, 99% used [0x0000000773e00000,0x000000077487f1c8,0x0000000774880000)
  to   space 23040K, 0% used [0x0000000772780000,0x0000000772780000,0x0000000773e00000)
 ParOldGen       total 131584K, used 33286K [0x00000006c1a00000, 0x00000006c9a80000, 0x000000076b380000)
  object space 131584K, 25% used [0x00000006c1a00000,0x00000006c3a81b48,0x00000006c9a80000)
 Metaspace       used 25690K, capacity 26316K, committed 26624K, reserved 1073152K
  class space    used 3028K, capacity 3232K, committed 3328K, reserved 1048576K
}

