# JRE version: Java(TM) SE Runtime Environment (8.0_201-b09) (build 1.8.0_201-b09)
# Java VM: Java HotSpot(TM) 64-Bit Server VM (25.201-b09 mixed mode windows-amd64 compressed oops)
Heap:
 PSYoungGen      total 141824K, used 60787K [0x000000076b380000, 0x0000000774880000, 0x00000007c0000000)
  eden space 131072K, 38% used [0x000000076b380000,0x000000076e45dfc0,0x0000000773380000)
  from space 10752K, 99% used [0x0000000773380000,0x0000000773dfede8,0x0000000773e00000)
  to   space 10752K, 0% used [0x0000000773e00000,0x0000000773e00000,0x0000000774880000)
 ParOldGen       total 134144K, used 47163K [0x00000006c1a00000, 0x00000006c9d00000, 0x000000076b380000)
  object space 134144K, 35% used [0x00000006c1a00000,0x00000006c480ee80,0x00000006c9d00000)
 Metaspace       used 28809K, capacity 29684K, committed 29952K, reserved 1075200K
  class space    used 3283K, capacity 3560K, committed 3584K, reserved 1048576K
GC Heap History (10 events):
Event: 2.595 GC heap before
{Heap before GC invocations=4 (full 0):
 PSYoungGen      total 76288K, used 76256K [0x000000076b380000, 0x0000000774880000, 0x00000007c0000000)
  eden space 65536K, 100% used [0x000000076b380000,0x000000076f380000,0x000000076f380000)
  from space 10752K, 99% used [0x000000076f380000,0x000000076fdf8020,0x000000076fe00000)
  to   space 10752K, 0% used [0x0000000773e00000,0x0000000773e00000,0x0000000774880000)
 ParOldGen       total 175104K, used 7574K [0x00000006c1a00000, 0x00000006cc500000, 0x000000076b380000)
  object space 175104K, 4% used [0x00000006c1a00000,0x00000006c21658c8,0x00000006cc500000)
 Metaspace       used 19550K, capacity 19946K, committed 20224K, reserved 1067008K
  class space    used 2328K, capacity 2471K, committed 2560K, reserved 1048576K
Event: 2.604 GC heap after
Heap after GC invocations=4 (full 0):
 PSYoungGen      total 141824K, used 10720K [0x000000076b380000, 0x0000000774880000, 0x00000007c0000000)
  eden space 131072K, 0% used [0x000000076b380000,0x000000076b380000,0x0000000773380000)
  from space 10752K, 99% used [0x0000000773e00000,0x0000000774878020,0x0000000774880000)
  to   space 10752K, 0% used [0x0000000773380000,0x0000000773380000,0x0000000773e00000)
 ParOldGen       total 175104K, used 12473K [0x00000006c1a00000, 0x00000006cc500000, 0x000000076b380000)
  object space 175104K, 7% used [0x00000006c1a00000,0x00000006c262e418,0x00000006cc500000)
 Metaspace       used 19550K, capacity 19946K, committed 20224K, reserved 1067008K
  class space    used 2328K, capacity 2471K, committed 2560K, reserved 1048576K
}
Event: 2.902 GC heap before
{Heap before GC invocations=5 (full 0):
 PSYoungGen      total 141824K, used 38642K [0x000000076b380000, 0x0000000774880000, 0x00000007c0000000)
  eden space 131072K, 21% used [0x000000076b380000,0x000000076cec4930,0x0000000773380000)
  from space 10752K, 99% used [0x0000000773e00000,0x0000000774878020,0x0000000774880000)
  to   space 10752K, 0% used [0x0000000773380000,0x0000000773380000,0x0000000773e00000)
 ParOldGen       total 175104K, used 12473K [0x00000006c1a00000, 0x00000006cc500000, 0x000000076b380000)
  object space 175104K, 7% used [0x00000006c1a00000,0x00000006c262e418,0x00000006cc500000)
 Metaspace       used 20608K, capacity 21138K, committed 21296K, reserved 1069056K
  class space    used 2437K, capacity 2614K, committed 2688K, reserved 1048576K
Event: 2.913 GC heap after
Heap after GC invocations=5 (full 0):
 PSYoungGen      total 141824K, used 10736K [0x000000076b380000, 0x0000000774880000, 0x00000007c0000000)
  eden space 131072K, 0% used [0x000000076b380000,0x000000076b380000,0x0000000773380000)
  from space 10752K, 99% used [0x0000000773380000,0x0000000773dfc030,0x0000000773e00000)
  to   space 10752K, 0% used [0x0000000773e00000,0x0000000773e00000,0x0000000774880000)
 ParOldGen       total 175104K, used 14638K [0x00000006c1a00000, 0x00000006cc500000, 0x000000076b380000)
  object space 175104K, 8% used [0x00000006c1a00000,0x00000006c284bac8,0x00000006cc500000)
 Metaspace       used 20608K, capacity 21138K, committed 21296K, reserved 1069056K
  class space    used 2437K, capacity 2614K, committed 2688K, reserved 1048576K
}
Event: 2.913 GC heap before
{Heap before GC invocations=6 (full 1):
 PSYoungGen      total 141824K, used 10736K [0x000000076b380000, 0x0000000774880000, 0x00000007c0000000)
  eden space 131072K, 0% used [0x000000076b380000,0x000000076b380000,0x0000000773380000)
  from space 10752K, 99% used [0x0000000773380000,0x0000000773dfc030,0x0000000773e00000)
  to   space 10752K, 0% used [0x0000000773e00000,0x0000000773e00000,0x0000000774880000)
 ParOldGen       total 175104K, used 14638K [0x00000006c1a00000, 0x00000006cc500000, 0x000000076b380000)
  object space 175104K, 8% used [0x00000006c1a00000,0x00000006c284bac8,0x00000006cc500000)
 Metaspace       used 20608K, capacity 21138K, committed 21296K, reserved 1069056K
  class space    used 2437K, capacity 2614K, committed 2688K, reserved 1048576K
Event: 2.996 GC heap after
Heap after GC invocations=6 (full 1):
 PSYoungGen      total 141824K, used 0K [0x000000076b380000, 0x0000000774880000, 0x00000007c0000000)
  eden space 131072K, 0% used [0x000000076b380000,0x000000076b380000,0x0000000773380000)
  from space 10752K, 0% used [0x0000000773380000,0x0000000773380000,0x0000000773e00000)
  to   space 10752K, 0% used [0x0000000773e00000,0x0000000773e00000,0x0000000774880000)
 ParOldGen       total 134144K, used 22341K [0x00000006c1a00000, 0x00000006c9d00000, 0x000000076b380000)
  object space 134144K, 16% used [0x00000006c1a00000,0x00000006c2fd16b8,0x00000006c9d00000)
 Metaspace       used 20608K, capacity 21138K, committed 21296K, reserved 1069056K
  class space    used 2437K, capacity 2614K, committed 2688K, reserved 1048576K
}
Event: 4.067 GC heap before
{Heap before GC invocations=7 (full 1):
 PSYoungGen      total 141824K, used 131072K [0x000000076b380000, 0x0000000774880000, 0x00000007c0000000)
  eden space 131072K, 100% used [0x000000076b380000,0x0000000773380000,0x0000000773380000)
  from space 10752K, 0% used [0x0000000773380000,0x0000000773380000,0x0000000773e00000)
  to   space 10752K, 0% used [0x0000000773e00000,0x0000000773e00000,0x0000000774880000)
 ParOldGen       total 134144K, used 22341K [0x00000006c1a00000, 0x00000006c9d00000, 0x000000076b380000)
  object space 134144K, 16% used [0x00000006c1a00000,0x00000006c2fd16b8,0x00000006c9d00000)
 Metaspace       used 25698K, capacity 26312K, committed 26624K, reserved 1073152K
  class space    used 3027K, capacity 3232K, committed 3328K, reserved 1048576K
Event: 4.076 GC heap after
Heap after GC invocations=7 (full 1):
 PSYoungGen      total 141824K, used 10735K [0x000000076b380000, 0x0000000774880000, 0x00000007c0000000)
  eden space 131072K, 0% used [0x000000076b380000,0x000000076b380000,0x0000000773380000)
  from space 10752K, 99% used [0x0000000773e00000,0x000000077487bee0,0x0000000774880000)
  to   space 10752K, 0% used [0x0000000773380000,0x0000000773380000,0x0000000773e00000)
 ParOldGen       total 134144K, used 34005K [0x00000006c1a00000, 0x00000006c9d00000, 0x000000076b380000)
  object space 134144K, 25% used [0x00000006c1a00000,0x00000006c3b357a0,0x00000006c9d00000)
 Metaspace       used 25698K, capacity 26312K, committed 26624K, reserved 1073152K
  class space    used 3027K, capacity 3232K, committed 3328K, reserved 1048576K
}
Event: 5.844 GC heap before
{Heap before GC invocations=8 (full 1):
 PSYoungGen      total 141824K, used 141807K [0x000000076b380000, 0x0000000774880000, 0x00000007c0000000)
  eden space 131072K, 100% used [0x000000076b380000,0x0000000773380000,0x0000000773380000)
  from space 10752K, 99% used [0x0000000773e00000,0x000000077487bee0,0x0000000774880000)
  to   space 10752K, 0% used [0x0000000773380000,0x0000000773380000,0x0000000773e00000)
 ParOldGen       total 134144K, used 34005K [0x00000006c1a00000, 0x00000006c9d00000, 0x000000076b380000)
  object space 134144K, 25% used [0x00000006c1a00000,0x00000006c3b357a0,0x00000006c9d00000)
 Metaspace       used 28806K, capacity 29684K, committed 29952K, reserved 1075200K
  class space    used 3283K, capacity 3560K, committed 3584K, reserved 1048576K
Event: 5.857 GC heap after
Heap after GC invocations=8 (full 1):
 PSYoungGen      total 141824K, used 10747K [0x000000076b380000, 0x0000000774880000, 0x00000007c0000000)
  eden space 131072K, 0% used [0x000000076b380000,0x000000076b380000,0x0000000773380000)
  from space 10752K, 99% used [0x0000000773380000,0x0000000773dfede8,0x0000000773e00000)
  to   space 10752K, 0% used [0x0000000773e00000,0x0000000773e00000,0x0000000774880000)
 ParOldGen       total 134144K, used 47163K [0x00000006c1a00000, 0x00000006c9d00000, 0x000000076b380000)
  object space 134144K, 35% used [0x00000006c1a00000,0x00000006c480ee80,0x00000006c9d00000)
 Metaspace       used 28806K, capacity 29684K, committed 29952K, reserved 1075200K
  class space    used 3283K, capacity 3560K, committed 3584K, reserved 1048576K
}

